  glad.c
  imgui_impl_opengl3.cpp
  imgui_impl_sdl.cpp
  imgui.cpp
  imgui_demo.cpp
  imgui_draw.cpp
  imgui_plot.cpp
D:\Data\Downloads\XAudio2 Engine\xaudio2-engine\external\src\imgui\imgui_plot.cpp(15,49): warning C4244: 'return': conversion from 'double' to 'float', possible loss of data
D:\Data\Downloads\XAudio2 Engine\xaudio2-engine\external\src\imgui\imgui_plot.cpp(26,46): warning C4244: 'return': conversion from 'double' to 'float', possible loss of data
D:\Data\Downloads\XAudio2 Engine\xaudio2-engine\external\src\imgui\imgui_plot.cpp(87,21): warning C4244: 'initializing': conversion from 'const int' to 'float', possible loss of data
D:\Data\Downloads\XAudio2 Engine\xaudio2-engine\external\src\imgui\imgui_plot.cpp(88,21): warning C4244: 'initializing': conversion from 'int' to 'float', possible loss of data
D:\Data\Downloads\XAudio2 Engine\xaudio2-engine\external\src\imgui\imgui_plot.cpp(110,20): warning C4244: 'initializing': conversion from 'const float' to 'int', possible loss of data
D:\Data\Downloads\XAudio2 Engine\xaudio2-engine\external\src\imgui\imgui_plot.cpp(111,20): warning C4244: 'initializing': conversion from 'const float' to 'int', possible loss of data
D:\Data\Downloads\XAudio2 Engine\xaudio2-engine\external\src\imgui\imgui_plot.cpp(117,28): warning C4244: 'initializing': conversion from 'T' to 'int', possible loss of data
          with
          [
              T=float
          ]
D:\Data\Downloads\XAudio2 Engine\xaudio2-engine\external\src\imgui\imgui_plot.cpp(119,36): warning C4244: 'argument': conversion from 'int' to 'float', possible loss of data
D:\Data\Downloads\XAudio2 Engine\xaudio2-engine\external\src\imgui\imgui_plot.cpp(119,32): warning C4244: 'argument': conversion from 'int' to 'float', possible loss of data
D:\Data\Downloads\XAudio2 Engine\xaudio2-engine\external\src\imgui\imgui_plot.cpp(120,36): warning C4244: 'argument': conversion from 'int' to 'float', possible loss of data
D:\Data\Downloads\XAudio2 Engine\xaudio2-engine\external\src\imgui\imgui_plot.cpp(120,32): warning C4244: 'argument': conversion from 'int' to 'float', possible loss of data
D:\Data\Downloads\XAudio2 Engine\xaudio2-engine\external\src\imgui\imgui_plot.cpp(132,33): warning C4244: 'initializing': conversion from 'double' to 'float', possible loss of data
D:\Data\Downloads\XAudio2 Engine\xaudio2-engine\external\src\imgui\imgui_plot.cpp(133,32): warning C4244: 'initializing': conversion from 'T' to 'int', possible loss of data
          with
          [
              T=float
          ]
D:\Data\Downloads\XAudio2 Engine\xaudio2-engine\external\src\imgui\imgui_plot.cpp(135,40): warning C4244: 'argument': conversion from 'int' to 'float', possible loss of data
D:\Data\Downloads\XAudio2 Engine\xaudio2-engine\external\src\imgui\imgui_plot.cpp(135,36): warning C4244: 'argument': conversion from 'int' to 'float', possible loss of data
D:\Data\Downloads\XAudio2 Engine\xaudio2-engine\external\src\imgui\imgui_plot.cpp(136,40): warning C4244: 'argument': conversion from 'int' to 'float', possible loss of data
D:\Data\Downloads\XAudio2 Engine\xaudio2-engine\external\src\imgui\imgui_plot.cpp(136,36): warning C4244: 'argument': conversion from 'int' to 'float', possible loss of data
D:\Data\Downloads\XAudio2 Engine\xaudio2-engine\external\src\imgui\imgui_plot.cpp(146,20): warning C4244: 'initializing': conversion from 'const float' to 'int', possible loss of data
D:\Data\Downloads\XAudio2 Engine\xaudio2-engine\external\src\imgui\imgui_plot.cpp(147,20): warning C4244: 'initializing': conversion from 'const float' to 'int', possible loss of data
D:\Data\Downloads\XAudio2 Engine\xaudio2-engine\external\src\imgui\imgui_plot.cpp(151,24): warning C4244: 'initializing': conversion from 'T' to 'int', possible loss of data
          with
          [
              T=float
          ]
D:\Data\Downloads\XAudio2 Engine\xaudio2-engine\external\src\imgui\imgui_plot.cpp(153,32): warning C4244: 'argument': conversion from 'int' to 'float', possible loss of data
D:\Data\Downloads\XAudio2 Engine\xaudio2-engine\external\src\imgui\imgui_plot.cpp(153,28): warning C4244: 'argument': conversion from 'int' to 'float', possible loss of data
D:\Data\Downloads\XAudio2 Engine\xaudio2-engine\external\src\imgui\imgui_plot.cpp(154,32): warning C4244: 'argument': conversion from 'int' to 'float', possible loss of data
D:\Data\Downloads\XAudio2 Engine\xaudio2-engine\external\src\imgui\imgui_plot.cpp(154,28): warning C4244: 'argument': conversion from 'int' to 'float', possible loss of data
D:\Data\Downloads\XAudio2 Engine\xaudio2-engine\external\src\imgui\imgui_plot.cpp(222,29): warning C4018: '<': signed/unsigned mismatch
D:\Data\Downloads\XAudio2 Engine\xaudio2-engine\external\src\imgui\imgui_plot.cpp(238,33): warning C4018: '<': signed/unsigned mismatch
D:\Data\Downloads\XAudio2 Engine\xaudio2-engine\external\src\imgui\imgui_plot.cpp(247,34): warning C4244: 'initializing': conversion from 'double' to 'float', possible loss of data
  imgui_tables.cpp
  imgui_widgets.cpp
  AudioImGuiWindow.cpp
D:\Data\Downloads\XAudio2 Engine\xaudio2-engine\Audio Engine\src\AudioImGuiWindow.cpp(204,57): warning C4244: 'argument': conversion from 'uint32_t' to 'float', possible loss of data
D:\Data\Downloads\XAudio2 Engine\xaudio2-engine\Audio Engine\src\AudioImGuiWindow.cpp(247,61): warning C4244: 'argument': conversion from 'int' to 'float', possible loss of data
D:\Data\Downloads\XAudio2 Engine\xaudio2-engine\Audio Engine\src\AudioImGuiWindow.cpp(297,34): warning C4805: '==': unsafe mix of type 'BOOL' and type 'bool' in operation
  AudioSDLWindow.cpp
  AudioSystem.cpp
  BaseChannel.cpp
  BasePlayer.cpp
  Effects.cpp
  Logger.cpp
  WavConverter.cpp
  WaveFile.cpp
D:\Data\Downloads\XAudio2 Engine\xaudio2-engine\Audio Engine\src\Audio\WaveFile.cpp(187,26): warning C4244: 'return': conversion from 'uint32_t' to 'float', possible loss of data
D:\Data\Downloads\XAudio2 Engine\xaudio2-engine\Audio Engine\src\Audio\WaveFile.cpp(329,58): warning C4018: '<': signed/unsigned mismatch
D:\Data\Downloads\XAudio2 Engine\xaudio2-engine\Audio Engine\src\Audio\WaveFile.cpp(347,22): warning C4018: '>=': signed/unsigned mismatch
  XAudio2Channel.cpp
  XAudio2Player.cpp
  main.cpp
  Generating code
  Previous IPDB not found, fall back to full compilation.
  All 1982 functions were compiled because no usable IPDB/IOBJ from previous compilation was found.
  Finished generating code
  Audio Engine.vcxproj -> D:\Data\Downloads\XAudio2 Engine\xaudio2-engine\x64\Release\Audio Engine.exe
  0 File(s) copied
